c:\users\hp\documents\visual studio 2017\projects\1\1\debug\vc141.pdb
c:\users\hp\documents\visual studio 2017\projects\1\1\debug\vc141.idb
c:\users\hp\documents\visual studio 2017\projects\1\1\debug\game_opration.obj
c:\users\hp\documents\visual studio 2017\projects\1\1\debug\linklist.obj
c:\users\hp\documents\visual studio 2017\projects\1\1\debug\snake_and_food.obj
c:\users\hp\documents\visual studio 2017\projects\1\1\debug\ui.obj
c:\users\hp\documents\visual studio 2017\projects\1\1\debug\test.obj
c:\users\hp\documents\visual studio 2017\projects\1\debug\1.pdb
c:\users\hp\documents\visual studio 2017\projects\1\1\debug\1.tlog\cl.command.1.tlog
c:\users\hp\documents\visual studio 2017\projects\1\1\debug\1.tlog\cl.read.1.tlog
c:\users\hp\documents\visual studio 2017\projects\1\1\debug\1.tlog\cl.write.1.tlog
c:\users\hp\documents\visual studio 2017\projects\1\1\debug\1.tlog\link.6508-cvtres.read.1.tlog
c:\users\hp\documents\visual studio 2017\projects\1\1\debug\1.tlog\link.6508-cvtres.write.1.tlog
c:\users\hp\documents\visual studio 2017\projects\1\1\debug\1.tlog\link.6508-rc.read.1.tlog
c:\users\hp\documents\visual studio 2017\projects\1\1\debug\1.tlog\link.6508-rc.write.1.tlog
c:\users\hp\documents\visual studio 2017\projects\1\1\debug\1.tlog\link.6508.read.1.tlog
c:\users\hp\documents\visual studio 2017\projects\1\1\debug\1.tlog\link.6508.write.1.tlog
c:\users\hp\documents\visual studio 2017\projects\1\1\debug\1.tlog\link.command.1.tlog
c:\users\hp\documents\visual studio 2017\projects\1\1\debug\1.tlog\link.read.1.tlog
c:\users\hp\documents\visual studio 2017\projects\1\1\debug\1.tlog\link.write.1.tlog
